<?xml version="1.0" encoding="UTF-8"?>
<testsuites name="GoogleRunable" time="78.803" tests="6" failures="0" errors="0">
   <testsuite name="GoogleRunable" tests="6" failures="0" errors="0" time="78.803" skipped="0" timestamp="14-01-2025T14:23:49" hostname="0365 - 192.165.30.169" id="Test Suites/GoogleRunable">
      <properties>
[...]
</properties>
      <testcase name="Test Cases/InicioExitosoPass" time="21.025" classname="Test Cases/InicioExitosoPass" status="PASSED">
         <system-out><![CDATA[14-01-2025T14:23:50 - [TEST_CASE][PASSED] - Test Cases/InicioExitosoPass: Test Cases/InicioExitosoPass

14-01-2025T14:23:50 - [TEST_STEP][PASSED] - openBrowser("https://opensource-demo.orangehrmlive.com/web/index.php/auth/login"): Browser is opened with url: 'https://opensource-demo.orangehrmlive.com/web/index.php/auth/login'

14-01-2025T14:23:51 - [MESSAGE][INFO] - Starting 'Chrome' driver

14-01-2025T14:23:51 - [MESSAGE][INFO] - Action delay is set to 0 milliseconds

14-01-2025T14:24:02 - [MESSAGE][PASSED] - Browser is opened with url: 'https://opensource-demo.orangehrmlive.com/web/index.php/auth/login'

14-01-2025T14:24:02 - [TEST_STEP][PASSED] - maximizeWindow(): Current window maximized

14-01-2025T14:24:02 - [MESSAGE][PASSED] - Current window maximized

14-01-2025T14:24:02 - [TEST_STEP][PASSED] - waitForPageLoad(30): Wait for page load successfully

14-01-2025T14:24:03 - [MESSAGE][PASSED] - Wait for page load successfully

14-01-2025T14:24:03 - [TEST_STEP][PASSED] - sendKeys(findTestObject("Object Repository/BtonUsuario"), UsuarioCorrecto): Keys 'InicioExitoso.jpg' sent to object: 'Object Repository/BtonUsuario'

14-01-2025T14:24:04 - [MESSAGE][PASSED] - Keys 'InicioExitoso.jpg' sent to object: 'Object Repository/BtonUsuario'

14-01-2025T14:24:04 - [TEST_STEP][PASSED] - sendKeys(findTestObject("Object Repository/BtonPassword"), PassWordCorrecto): Keys 'InicioExitoso.jpg' sent to object: 'Object Repository/BtonPassword'

14-01-2025T14:24:04 - [MESSAGE][PASSED] - Keys 'InicioExitoso.jpg' sent to object: 'Object Repository/BtonPassword'

14-01-2025T14:24:04 - [TEST_STEP][PASSED] - sendKeys(findTestObject("Object Repository/BtonLoggin"), Keys.chord(ENTER)): Keys 'ENTER + ' sent to object: 'Object Repository/BtonLoggin'

14-01-2025T14:24:05 - [MESSAGE][PASSED] - Keys 'ENTER + ' sent to object: 'Object Repository/BtonLoggin'

14-01-2025T14:24:05 - [TEST_STEP][PASSED] - takeScreenshot("D:/Capturas Imagenes Pruebas Aut/ProyectoAutomatizacionPass/" + CaptInicioExitoso): Taking screenshot successfully

14-01-2025T14:24:06 - [MESSAGE][PASSED] - Taking screenshot successfully
[[ATTACHMENT|C:\\Users\\0365\\Katalon Studio\\ProyectoAutomatizacionPass1\\Reports\\20250114_142331\\GoogleRunable\\20250114_142331\\D:/Capturas Imagenes Pruebas Aut/ProyectoAutomatizacionPass/InicioExitoso.jpg]]

14-01-2025T14:24:06 - [TEST_STEP][PASSED] - Thread.sleep(4000): null

14-01-2025T14:24:10 - [TEST_STEP][PASSED] - closeBrowser(): Browser is closed

14-01-2025T14:24:11 - [MESSAGE][PASSED] - Browser is closed]]></system-out>
         <system-err><![CDATA[]]></system-err>
      </testcase>
      <testcase name="Test Cases/InicioExitosoPass" time="12.048" classname="Test Cases/InicioExitosoPass" status="PASSED">
         <system-out><![CDATA[14-01-2025T14:24:11 - [TEST_CASE][PASSED] - Test Cases/InicioExitosoPass: Test Cases/InicioExitosoPass

14-01-2025T14:24:11 - [TEST_STEP][PASSED] - openBrowser("https://opensource-demo.orangehrmlive.com/web/index.php/auth/login"): Browser is opened with url: 'https://opensource-demo.orangehrmlive.com/web/index.php/auth/login'

14-01-2025T14:24:11 - [MESSAGE][INFO] - Starting 'Chrome' driver

14-01-2025T14:24:11 - [MESSAGE][INFO] - Action delay is set to 0 milliseconds

14-01-2025T14:24:16 - [MESSAGE][PASSED] - Browser is opened with url: 'https://opensource-demo.orangehrmlive.com/web/index.php/auth/login'

14-01-2025T14:24:16 - [TEST_STEP][PASSED] - maximizeWindow(): Current window maximized

14-01-2025T14:24:16 - [MESSAGE][PASSED] - Current window maximized

14-01-2025T14:24:16 - [TEST_STEP][PASSED] - waitForPageLoad(30): Wait for page load successfully

14-01-2025T14:24:16 - [MESSAGE][PASSED] - Wait for page load successfully

14-01-2025T14:24:16 - [TEST_STEP][PASSED] - sendKeys(findTestObject("Object Repository/BtonUsuario"), UsuarioCorrecto): Keys 'InicioErrado1.jpg' sent to object: 'Object Repository/BtonUsuario'

14-01-2025T14:24:17 - [MESSAGE][PASSED] - Keys 'InicioErrado1.jpg' sent to object: 'Object Repository/BtonUsuario'

14-01-2025T14:24:17 - [TEST_STEP][PASSED] - sendKeys(findTestObject("Object Repository/BtonPassword"), PassWordCorrecto): Keys 'InicioErrado1.jpg' sent to object: 'Object Repository/BtonPassword'

14-01-2025T14:24:17 - [MESSAGE][PASSED] - Keys 'InicioErrado1.jpg' sent to object: 'Object Repository/BtonPassword'

14-01-2025T14:24:17 - [TEST_STEP][PASSED] - sendKeys(findTestObject("Object Repository/BtonLoggin"), Keys.chord(ENTER)): Keys 'ENTER + ' sent to object: 'Object Repository/BtonLoggin'

14-01-2025T14:24:18 - [MESSAGE][PASSED] - Keys 'ENTER + ' sent to object: 'Object Repository/BtonLoggin'

14-01-2025T14:24:18 - [TEST_STEP][PASSED] - takeScreenshot("D:/Capturas Imagenes Pruebas Aut/ProyectoAutomatizacionPass/" + CaptInicioExitoso): Taking screenshot successfully

14-01-2025T14:24:19 - [MESSAGE][PASSED] - Taking screenshot successfully
[[ATTACHMENT|C:\\Users\\0365\\Katalon Studio\\ProyectoAutomatizacionPass1\\Reports\\20250114_142331\\GoogleRunable\\20250114_142331\\D:/Capturas Imagenes Pruebas Aut/ProyectoAutomatizacionPass/InicioErrado1.jpg]]

14-01-2025T14:24:19 - [TEST_STEP][PASSED] - Thread.sleep(4000): null

14-01-2025T14:24:23 - [TEST_STEP][PASSED] - closeBrowser(): Browser is closed

14-01-2025T14:24:23 - [MESSAGE][PASSED] - Browser is closed]]></system-out>
         <system-err><![CDATA[]]></system-err>
      </testcase>
      <testcase name="Test Cases/InicioExitosoPass" time="11.415" classname="Test Cases/InicioExitosoPass" status="PASSED">
         <system-out><![CDATA[14-01-2025T14:24:23 - [TEST_CASE][PASSED] - Test Cases/InicioExitosoPass: Test Cases/InicioExitosoPass

14-01-2025T14:24:23 - [TEST_STEP][PASSED] - openBrowser("https://opensource-demo.orangehrmlive.com/web/index.php/auth/login"): Browser is opened with url: 'https://opensource-demo.orangehrmlive.com/web/index.php/auth/login'

14-01-2025T14:24:23 - [MESSAGE][INFO] - Starting 'Chrome' driver

14-01-2025T14:24:23 - [MESSAGE][INFO] - Action delay is set to 0 milliseconds

14-01-2025T14:24:27 - [MESSAGE][PASSED] - Browser is opened with url: 'https://opensource-demo.orangehrmlive.com/web/index.php/auth/login'

14-01-2025T14:24:27 - [TEST_STEP][PASSED] - maximizeWindow(): Current window maximized

14-01-2025T14:24:27 - [MESSAGE][PASSED] - Current window maximized

14-01-2025T14:24:27 - [TEST_STEP][PASSED] - waitForPageLoad(30): Wait for page load successfully

14-01-2025T14:24:27 - [MESSAGE][PASSED] - Wait for page load successfully

14-01-2025T14:24:27 - [TEST_STEP][PASSED] - sendKeys(findTestObject("Object Repository/BtonUsuario"), UsuarioCorrecto): Keys 'InicioErrado2.jpg' sent to object: 'Object Repository/BtonUsuario'

14-01-2025T14:24:28 - [MESSAGE][PASSED] - Keys 'InicioErrado2.jpg' sent to object: 'Object Repository/BtonUsuario'

14-01-2025T14:24:28 - [TEST_STEP][PASSED] - sendKeys(findTestObject("Object Repository/BtonPassword"), PassWordCorrecto): Keys 'InicioErrado2.jpg' sent to object: 'Object Repository/BtonPassword'

14-01-2025T14:24:28 - [MESSAGE][PASSED] - Keys 'InicioErrado2.jpg' sent to object: 'Object Repository/BtonPassword'

14-01-2025T14:24:28 - [TEST_STEP][PASSED] - sendKeys(findTestObject("Object Repository/BtonLoggin"), Keys.chord(ENTER)): Keys 'ENTER + ' sent to object: 'Object Repository/BtonLoggin'

14-01-2025T14:24:29 - [MESSAGE][PASSED] - Keys 'ENTER + ' sent to object: 'Object Repository/BtonLoggin'

14-01-2025T14:24:29 - [TEST_STEP][PASSED] - takeScreenshot("D:/Capturas Imagenes Pruebas Aut/ProyectoAutomatizacionPass/" + CaptInicioExitoso): Taking screenshot successfully

14-01-2025T14:24:30 - [MESSAGE][PASSED] - Taking screenshot successfully
[[ATTACHMENT|C:\\Users\\0365\\Katalon Studio\\ProyectoAutomatizacionPass1\\Reports\\20250114_142331\\GoogleRunable\\20250114_142331\\D:/Capturas Imagenes Pruebas Aut/ProyectoAutomatizacionPass/InicioErrado2.jpg]]

14-01-2025T14:24:30 - [TEST_STEP][PASSED] - Thread.sleep(4000): null

14-01-2025T14:24:34 - [TEST_STEP][PASSED] - closeBrowser(): Browser is closed

14-01-2025T14:24:34 - [MESSAGE][PASSED] - Browser is closed]]></system-out>
         <system-err><![CDATA[]]></system-err>
      </testcase>
      <testcase name="Test Cases/InicioExitosoPass" time="11.675" classname="Test Cases/InicioExitosoPass" status="PASSED">
         <system-out><![CDATA[14-01-2025T14:24:34 - [TEST_CASE][PASSED] - Test Cases/InicioExitosoPass: Test Cases/InicioExitosoPass

14-01-2025T14:24:34 - [TEST_STEP][PASSED] - openBrowser("https://opensource-demo.orangehrmlive.com/web/index.php/auth/login"): Browser is opened with url: 'https://opensource-demo.orangehrmlive.com/web/index.php/auth/login'

14-01-2025T14:24:34 - [MESSAGE][INFO] - Starting 'Chrome' driver

14-01-2025T14:24:34 - [MESSAGE][INFO] - Action delay is set to 0 milliseconds

14-01-2025T14:24:39 - [MESSAGE][PASSED] - Browser is opened with url: 'https://opensource-demo.orangehrmlive.com/web/index.php/auth/login'

14-01-2025T14:24:39 - [TEST_STEP][PASSED] - maximizeWindow(): Current window maximized

14-01-2025T14:24:39 - [MESSAGE][PASSED] - Current window maximized

14-01-2025T14:24:39 - [TEST_STEP][PASSED] - waitForPageLoad(30): Wait for page load successfully

14-01-2025T14:24:39 - [MESSAGE][PASSED] - Wait for page load successfully

14-01-2025T14:24:39 - [TEST_STEP][PASSED] - sendKeys(findTestObject("Object Repository/BtonUsuario"), UsuarioCorrecto): Keys 'InicioErrado3.jpg' sent to object: 'Object Repository/BtonUsuario'

14-01-2025T14:24:40 - [MESSAGE][PASSED] - Keys 'InicioErrado3.jpg' sent to object: 'Object Repository/BtonUsuario'

14-01-2025T14:24:40 - [TEST_STEP][PASSED] - sendKeys(findTestObject("Object Repository/BtonPassword"), PassWordCorrecto): Keys 'InicioErrado3.jpg' sent to object: 'Object Repository/BtonPassword'

14-01-2025T14:24:40 - [MESSAGE][PASSED] - Keys 'InicioErrado3.jpg' sent to object: 'Object Repository/BtonPassword'

14-01-2025T14:24:40 - [TEST_STEP][PASSED] - sendKeys(findTestObject("Object Repository/BtonLoggin"), Keys.chord(ENTER)): Keys 'ENTER + ' sent to object: 'Object Repository/BtonLoggin'

14-01-2025T14:24:41 - [MESSAGE][PASSED] - Keys 'ENTER + ' sent to object: 'Object Repository/BtonLoggin'

14-01-2025T14:24:41 - [TEST_STEP][PASSED] - takeScreenshot("D:/Capturas Imagenes Pruebas Aut/ProyectoAutomatizacionPass/" + CaptInicioExitoso): Taking screenshot successfully

14-01-2025T14:24:42 - [MESSAGE][PASSED] - Taking screenshot successfully
[[ATTACHMENT|C:\\Users\\0365\\Katalon Studio\\ProyectoAutomatizacionPass1\\Reports\\20250114_142331\\GoogleRunable\\20250114_142331\\D:/Capturas Imagenes Pruebas Aut/ProyectoAutomatizacionPass/InicioErrado3.jpg]]

14-01-2025T14:24:42 - [TEST_STEP][PASSED] - Thread.sleep(4000): null

14-01-2025T14:24:46 - [TEST_STEP][PASSED] - closeBrowser(): Browser is closed

14-01-2025T14:24:46 - [MESSAGE][PASSED] - Browser is closed]]></system-out>
         <system-err><![CDATA[]]></system-err>
      </testcase>
      <testcase name="Test Cases/InicioExitosoPass" time="10.903" classname="Test Cases/InicioExitosoPass" status="PASSED">
         <system-out><![CDATA[14-01-2025T14:24:46 - [TEST_CASE][PASSED] - Test Cases/InicioExitosoPass: Test Cases/InicioExitosoPass

14-01-2025T14:24:46 - [TEST_STEP][PASSED] - openBrowser("https://opensource-demo.orangehrmlive.com/web/index.php/auth/login"): Browser is opened with url: 'https://opensource-demo.orangehrmlive.com/web/index.php/auth/login'

14-01-2025T14:24:46 - [MESSAGE][INFO] - Starting 'Chrome' driver

14-01-2025T14:24:46 - [MESSAGE][INFO] - Action delay is set to 0 milliseconds

14-01-2025T14:24:50 - [MESSAGE][PASSED] - Browser is opened with url: 'https://opensource-demo.orangehrmlive.com/web/index.php/auth/login'

14-01-2025T14:24:50 - [TEST_STEP][PASSED] - maximizeWindow(): Current window maximized

14-01-2025T14:24:50 - [MESSAGE][PASSED] - Current window maximized

14-01-2025T14:24:50 - [TEST_STEP][PASSED] - waitForPageLoad(30): Wait for page load successfully

14-01-2025T14:24:50 - [MESSAGE][PASSED] - Wait for page load successfully

14-01-2025T14:24:50 - [TEST_STEP][PASSED] - sendKeys(findTestObject("Object Repository/BtonUsuario"), UsuarioCorrecto): Keys 'InicioErrado4.jpg' sent to object: 'Object Repository/BtonUsuario'

14-01-2025T14:24:51 - [MESSAGE][PASSED] - Keys 'InicioErrado4.jpg' sent to object: 'Object Repository/BtonUsuario'

14-01-2025T14:24:51 - [TEST_STEP][PASSED] - sendKeys(findTestObject("Object Repository/BtonPassword"), PassWordCorrecto): Keys 'InicioErrado4.jpg' sent to object: 'Object Repository/BtonPassword'

14-01-2025T14:24:51 - [MESSAGE][PASSED] - Keys 'InicioErrado4.jpg' sent to object: 'Object Repository/BtonPassword'

14-01-2025T14:24:51 - [TEST_STEP][PASSED] - sendKeys(findTestObject("Object Repository/BtonLoggin"), Keys.chord(ENTER)): Keys 'ENTER + ' sent to object: 'Object Repository/BtonLoggin'

14-01-2025T14:24:51 - [MESSAGE][PASSED] - Keys 'ENTER + ' sent to object: 'Object Repository/BtonLoggin'

14-01-2025T14:24:51 - [TEST_STEP][PASSED] - takeScreenshot("D:/Capturas Imagenes Pruebas Aut/ProyectoAutomatizacionPass/" + CaptInicioExitoso): Taking screenshot successfully

14-01-2025T14:24:53 - [MESSAGE][PASSED] - Taking screenshot successfully
[[ATTACHMENT|C:\\Users\\0365\\Katalon Studio\\ProyectoAutomatizacionPass1\\Reports\\20250114_142331\\GoogleRunable\\20250114_142331\\D:/Capturas Imagenes Pruebas Aut/ProyectoAutomatizacionPass/InicioErrado4.jpg]]

14-01-2025T14:24:53 - [TEST_STEP][PASSED] - Thread.sleep(4000): null

14-01-2025T14:24:57 - [TEST_STEP][PASSED] - closeBrowser(): Browser is closed

14-01-2025T14:24:57 - [MESSAGE][PASSED] - Browser is closed]]></system-out>
         <system-err><![CDATA[]]></system-err>
      </testcase>
      <testcase name="Test Cases/InicioExitosoPass" time="11.284" classname="Test Cases/InicioExitosoPass" status="PASSED">
         <system-out><![CDATA[14-01-2025T14:24:57 - [TEST_CASE][PASSED] - Test Cases/InicioExitosoPass: Test Cases/InicioExitosoPass

14-01-2025T14:24:57 - [TEST_STEP][PASSED] - openBrowser("https://opensource-demo.orangehrmlive.com/web/index.php/auth/login"): Browser is opened with url: 'https://opensource-demo.orangehrmlive.com/web/index.php/auth/login'

14-01-2025T14:24:57 - [MESSAGE][INFO] - Starting 'Chrome' driver

14-01-2025T14:24:57 - [MESSAGE][INFO] - Action delay is set to 0 milliseconds

14-01-2025T14:25:01 - [MESSAGE][PASSED] - Browser is opened with url: 'https://opensource-demo.orangehrmlive.com/web/index.php/auth/login'

14-01-2025T14:25:01 - [TEST_STEP][PASSED] - maximizeWindow(): Current window maximized

14-01-2025T14:25:01 - [MESSAGE][PASSED] - Current window maximized

14-01-2025T14:25:01 - [TEST_STEP][PASSED] - waitForPageLoad(30): Wait for page load successfully

14-01-2025T14:25:01 - [MESSAGE][PASSED] - Wait for page load successfully

14-01-2025T14:25:01 - [TEST_STEP][PASSED] - sendKeys(findTestObject("Object Repository/BtonUsuario"), UsuarioCorrecto): Keys 'InicioErradosinData.jpg' sent to object: 'Object Repository/BtonUsuario'

14-01-2025T14:25:02 - [MESSAGE][PASSED] - Keys 'InicioErradosinData.jpg' sent to object: 'Object Repository/BtonUsuario'

14-01-2025T14:25:02 - [TEST_STEP][PASSED] - sendKeys(findTestObject("Object Repository/BtonPassword"), PassWordCorrecto): Keys 'InicioErradosinData.jpg' sent to object: 'Object Repository/BtonPassword'

14-01-2025T14:25:02 - [MESSAGE][PASSED] - Keys 'InicioErradosinData.jpg' sent to object: 'Object Repository/BtonPassword'

14-01-2025T14:25:02 - [TEST_STEP][PASSED] - sendKeys(findTestObject("Object Repository/BtonLoggin"), Keys.chord(ENTER)): Keys 'ENTER + ' sent to object: 'Object Repository/BtonLoggin'

14-01-2025T14:25:03 - [MESSAGE][PASSED] - Keys 'ENTER + ' sent to object: 'Object Repository/BtonLoggin'

14-01-2025T14:25:03 - [TEST_STEP][PASSED] - takeScreenshot("D:/Capturas Imagenes Pruebas Aut/ProyectoAutomatizacionPass/" + CaptInicioExitoso): Taking screenshot successfully

14-01-2025T14:25:04 - [MESSAGE][PASSED] - Taking screenshot successfully
[[ATTACHMENT|C:\\Users\\0365\\Katalon Studio\\ProyectoAutomatizacionPass1\\Reports\\20250114_142331\\GoogleRunable\\20250114_142331\\D:/Capturas Imagenes Pruebas Aut/ProyectoAutomatizacionPass/InicioErradosinData.jpg]]

14-01-2025T14:25:04 - [TEST_STEP][PASSED] - Thread.sleep(4000): null

14-01-2025T14:25:08 - [TEST_STEP][PASSED] - closeBrowser(): Browser is closed

14-01-2025T14:25:08 - [MESSAGE][PASSED] - Browser is closed]]></system-out>
         <system-err><![CDATA[]]></system-err>
      </testcase>
      <system-out><![CDATA[14-01-2025T14:23:49 - [TEST_SUITE][PASSED] - GoogleRunable: Test Cases/InicioExitosoPass]]></system-out>
      <system-err><![CDATA[]]></system-err>
   </testsuite>
</testsuites>
