<?xml version="1.0" encoding="UTF-8"?>
<testsuites name="GoogleRunable" time="76.278" tests="6" failures="0" errors="0">
   <testsuite name="GoogleRunable" tests="6" failures="0" errors="0" time="76.278" skipped="0" timestamp="14-01-2025T14:44:59" hostname="0365 - 192.165.30.169" id="Test Suites/GoogleRunable">
      <properties>
[...]
</properties>
      <testcase name="Test Cases/InicioExitosoPass" time="16.021" classname="Test Cases/InicioExitosoPass" status="PASSED">
         <system-out><![CDATA[14-01-2025T14:45:00 - [TEST_CASE][PASSED] - Test Cases/InicioExitosoPass: Test Cases/InicioExitosoPass

14-01-2025T14:45:00 - [TEST_STEP][PASSED] - openBrowser("https://opensource-demo.orangehrmlive.com/web/index.php/auth/login"): Browser is opened with url: 'https://opensource-demo.orangehrmlive.com/web/index.php/auth/login'

14-01-2025T14:45:01 - [MESSAGE][INFO] - Starting 'Chrome' driver

14-01-2025T14:45:01 - [MESSAGE][INFO] - Action delay is set to 0 milliseconds

14-01-2025T14:45:07 - [MESSAGE][PASSED] - Browser is opened with url: 'https://opensource-demo.orangehrmlive.com/web/index.php/auth/login'

14-01-2025T14:45:07 - [TEST_STEP][PASSED] - maximizeWindow(): Current window maximized

14-01-2025T14:45:07 - [MESSAGE][PASSED] - Current window maximized

14-01-2025T14:45:07 - [TEST_STEP][PASSED] - waitForPageLoad(30): Wait for page load successfully

14-01-2025T14:45:08 - [MESSAGE][PASSED] - Wait for page load successfully

14-01-2025T14:45:08 - [TEST_STEP][PASSED] - sendKeys(findTestObject("Object Repository/BtonUsuario"), Usuario): Keys 'Admin' sent to object: 'Object Repository/BtonUsuario'

14-01-2025T14:45:08 - [MESSAGE][PASSED] - Keys 'Admin' sent to object: 'Object Repository/BtonUsuario'

14-01-2025T14:45:08 - [TEST_STEP][PASSED] - sendKeys(findTestObject("Object Repository/BtonPassword"), Password): Keys 'admin123' sent to object: 'Object Repository/BtonPassword'

14-01-2025T14:45:08 - [MESSAGE][PASSED] - Keys 'admin123' sent to object: 'Object Repository/BtonPassword'

14-01-2025T14:45:08 - [TEST_STEP][PASSED] - sendKeys(findTestObject("Object Repository/BtonLoggin"), Keys.chord(ENTER)): Keys 'ENTER + ' sent to object: 'Object Repository/BtonLoggin'

14-01-2025T14:45:10 - [MESSAGE][PASSED] - Keys 'ENTER + ' sent to object: 'Object Repository/BtonLoggin'

14-01-2025T14:45:10 - [TEST_STEP][PASSED] - takeScreenshot("D:/Capturas Imagenes Pruebas Aut/ProyectoAutomatizacionPass/" + CapturaPantalla): Taking screenshot successfully

14-01-2025T14:45:11 - [MESSAGE][PASSED] - Taking screenshot successfully
[[ATTACHMENT|C:\\Users\\0365\\Katalon Studio\\ProyectoAutomatizacionPass1\\Reports\\20250114_144452\\GoogleRunable\\20250114_144452\\D:/Capturas Imagenes Pruebas Aut/ProyectoAutomatizacionPass/InicioExitoso.jpg]]

14-01-2025T14:45:11 - [TEST_STEP][PASSED] - Thread.sleep(4000): null

14-01-2025T14:45:15 - [TEST_STEP][PASSED] - closeBrowser(): Browser is closed

14-01-2025T14:45:16 - [MESSAGE][PASSED] - Browser is closed]]></system-out>
         <system-err><![CDATA[]]></system-err>
      </testcase>
      <testcase name="Test Cases/InicioExitosoPass" time="12.269" classname="Test Cases/InicioExitosoPass" status="PASSED">
         <system-out><![CDATA[14-01-2025T14:45:16 - [TEST_CASE][PASSED] - Test Cases/InicioExitosoPass: Test Cases/InicioExitosoPass

14-01-2025T14:45:16 - [TEST_STEP][PASSED] - openBrowser("https://opensource-demo.orangehrmlive.com/web/index.php/auth/login"): Browser is opened with url: 'https://opensource-demo.orangehrmlive.com/web/index.php/auth/login'

14-01-2025T14:45:16 - [MESSAGE][INFO] - Starting 'Chrome' driver

14-01-2025T14:45:16 - [MESSAGE][INFO] - Action delay is set to 0 milliseconds

14-01-2025T14:45:20 - [MESSAGE][PASSED] - Browser is opened with url: 'https://opensource-demo.orangehrmlive.com/web/index.php/auth/login'

14-01-2025T14:45:20 - [TEST_STEP][PASSED] - maximizeWindow(): Current window maximized

14-01-2025T14:45:20 - [MESSAGE][PASSED] - Current window maximized

14-01-2025T14:45:20 - [TEST_STEP][PASSED] - waitForPageLoad(30): Wait for page load successfully

14-01-2025T14:45:20 - [MESSAGE][PASSED] - Wait for page load successfully

14-01-2025T14:45:20 - [TEST_STEP][PASSED] - sendKeys(findTestObject("Object Repository/BtonUsuario"), Usuario): Keys 'sergio' sent to object: 'Object Repository/BtonUsuario'

14-01-2025T14:45:21 - [MESSAGE][PASSED] - Keys 'sergio' sent to object: 'Object Repository/BtonUsuario'

14-01-2025T14:45:21 - [TEST_STEP][PASSED] - sendKeys(findTestObject("Object Repository/BtonPassword"), Password): Keys '458575' sent to object: 'Object Repository/BtonPassword'

14-01-2025T14:45:21 - [MESSAGE][PASSED] - Keys '458575' sent to object: 'Object Repository/BtonPassword'

14-01-2025T14:45:21 - [TEST_STEP][PASSED] - sendKeys(findTestObject("Object Repository/BtonLoggin"), Keys.chord(ENTER)): Keys 'ENTER + ' sent to object: 'Object Repository/BtonLoggin'

14-01-2025T14:45:22 - [MESSAGE][PASSED] - Keys 'ENTER + ' sent to object: 'Object Repository/BtonLoggin'

14-01-2025T14:45:22 - [TEST_STEP][PASSED] - takeScreenshot("D:/Capturas Imagenes Pruebas Aut/ProyectoAutomatizacionPass/" + CapturaPantalla): Taking screenshot successfully

14-01-2025T14:45:23 - [MESSAGE][PASSED] - Taking screenshot successfully
[[ATTACHMENT|C:\\Users\\0365\\Katalon Studio\\ProyectoAutomatizacionPass1\\Reports\\20250114_144452\\GoogleRunable\\20250114_144452\\D:/Capturas Imagenes Pruebas Aut/ProyectoAutomatizacionPass/InicioErrado1.jpg]]

14-01-2025T14:45:23 - [TEST_STEP][PASSED] - Thread.sleep(4000): null

14-01-2025T14:45:27 - [TEST_STEP][PASSED] - closeBrowser(): Browser is closed

14-01-2025T14:45:28 - [MESSAGE][PASSED] - Browser is closed]]></system-out>
         <system-err><![CDATA[]]></system-err>
      </testcase>
      <testcase name="Test Cases/InicioExitosoPass" time="12.629" classname="Test Cases/InicioExitosoPass" status="PASSED">
         <system-out><![CDATA[14-01-2025T14:45:28 - [TEST_CASE][PASSED] - Test Cases/InicioExitosoPass: Test Cases/InicioExitosoPass

14-01-2025T14:45:28 - [TEST_STEP][PASSED] - openBrowser("https://opensource-demo.orangehrmlive.com/web/index.php/auth/login"): Browser is opened with url: 'https://opensource-demo.orangehrmlive.com/web/index.php/auth/login'

14-01-2025T14:45:28 - [MESSAGE][INFO] - Starting 'Chrome' driver

14-01-2025T14:45:28 - [MESSAGE][INFO] - Action delay is set to 0 milliseconds

14-01-2025T14:45:33 - [MESSAGE][PASSED] - Browser is opened with url: 'https://opensource-demo.orangehrmlive.com/web/index.php/auth/login'

14-01-2025T14:45:33 - [TEST_STEP][PASSED] - maximizeWindow(): Current window maximized

14-01-2025T14:45:33 - [MESSAGE][PASSED] - Current window maximized

14-01-2025T14:45:33 - [TEST_STEP][PASSED] - waitForPageLoad(30): Wait for page load successfully

14-01-2025T14:45:33 - [MESSAGE][PASSED] - Wait for page load successfully

14-01-2025T14:45:33 - [TEST_STEP][PASSED] - sendKeys(findTestObject("Object Repository/BtonUsuario"), Usuario): Keys 'admin' sent to object: 'Object Repository/BtonUsuario'

14-01-2025T14:45:34 - [MESSAGE][PASSED] - Keys 'admin' sent to object: 'Object Repository/BtonUsuario'

14-01-2025T14:45:34 - [TEST_STEP][PASSED] - sendKeys(findTestObject("Object Repository/BtonPassword"), Password): Keys '%)$"a' sent to object: 'Object Repository/BtonPassword'

14-01-2025T14:45:34 - [MESSAGE][PASSED] - Keys '%)$"a' sent to object: 'Object Repository/BtonPassword'

14-01-2025T14:45:34 - [TEST_STEP][PASSED] - sendKeys(findTestObject("Object Repository/BtonLoggin"), Keys.chord(ENTER)): Keys 'ENTER + ' sent to object: 'Object Repository/BtonLoggin'

14-01-2025T14:45:35 - [MESSAGE][PASSED] - Keys 'ENTER + ' sent to object: 'Object Repository/BtonLoggin'

14-01-2025T14:45:35 - [TEST_STEP][PASSED] - takeScreenshot("D:/Capturas Imagenes Pruebas Aut/ProyectoAutomatizacionPass/" + CapturaPantalla): Taking screenshot successfully

14-01-2025T14:45:36 - [MESSAGE][PASSED] - Taking screenshot successfully
[[ATTACHMENT|C:\\Users\\0365\\Katalon Studio\\ProyectoAutomatizacionPass1\\Reports\\20250114_144452\\GoogleRunable\\20250114_144452\\D:/Capturas Imagenes Pruebas Aut/ProyectoAutomatizacionPass/InicioErrado2.jpg]]

14-01-2025T14:45:36 - [TEST_STEP][PASSED] - Thread.sleep(4000): null

14-01-2025T14:45:40 - [TEST_STEP][PASSED] - closeBrowser(): Browser is closed

14-01-2025T14:45:41 - [MESSAGE][PASSED] - Browser is closed]]></system-out>
         <system-err><![CDATA[]]></system-err>
      </testcase>
      <testcase name="Test Cases/InicioExitosoPass" time="12.327" classname="Test Cases/InicioExitosoPass" status="PASSED">
         <system-out><![CDATA[14-01-2025T14:45:41 - [TEST_CASE][PASSED] - Test Cases/InicioExitosoPass: Test Cases/InicioExitosoPass

14-01-2025T14:45:41 - [TEST_STEP][PASSED] - openBrowser("https://opensource-demo.orangehrmlive.com/web/index.php/auth/login"): Browser is opened with url: 'https://opensource-demo.orangehrmlive.com/web/index.php/auth/login'

14-01-2025T14:45:41 - [MESSAGE][INFO] - Starting 'Chrome' driver

14-01-2025T14:45:41 - [MESSAGE][INFO] - Action delay is set to 0 milliseconds

14-01-2025T14:45:45 - [MESSAGE][PASSED] - Browser is opened with url: 'https://opensource-demo.orangehrmlive.com/web/index.php/auth/login'

14-01-2025T14:45:45 - [TEST_STEP][PASSED] - maximizeWindow(): Current window maximized

14-01-2025T14:45:45 - [MESSAGE][PASSED] - Current window maximized

14-01-2025T14:45:45 - [TEST_STEP][PASSED] - waitForPageLoad(30): Wait for page load successfully

14-01-2025T14:45:45 - [MESSAGE][PASSED] - Wait for page load successfully

14-01-2025T14:45:45 - [TEST_STEP][PASSED] - sendKeys(findTestObject("Object Repository/BtonUsuario"), Usuario): Keys '123154' sent to object: 'Object Repository/BtonUsuario'

14-01-2025T14:45:46 - [MESSAGE][PASSED] - Keys '123154' sent to object: 'Object Repository/BtonUsuario'

14-01-2025T14:45:46 - [TEST_STEP][PASSED] - sendKeys(findTestObject("Object Repository/BtonPassword"), Password): Keys 'wwwww' sent to object: 'Object Repository/BtonPassword'

14-01-2025T14:45:46 - [MESSAGE][PASSED] - Keys 'wwwww' sent to object: 'Object Repository/BtonPassword'

14-01-2025T14:45:46 - [TEST_STEP][PASSED] - sendKeys(findTestObject("Object Repository/BtonLoggin"), Keys.chord(ENTER)): Keys 'ENTER + ' sent to object: 'Object Repository/BtonLoggin'

14-01-2025T14:45:47 - [MESSAGE][PASSED] - Keys 'ENTER + ' sent to object: 'Object Repository/BtonLoggin'

14-01-2025T14:45:47 - [TEST_STEP][PASSED] - takeScreenshot("D:/Capturas Imagenes Pruebas Aut/ProyectoAutomatizacionPass/" + CapturaPantalla): Taking screenshot successfully

14-01-2025T14:45:48 - [MESSAGE][PASSED] - Taking screenshot successfully
[[ATTACHMENT|C:\\Users\\0365\\Katalon Studio\\ProyectoAutomatizacionPass1\\Reports\\20250114_144452\\GoogleRunable\\20250114_144452\\D:/Capturas Imagenes Pruebas Aut/ProyectoAutomatizacionPass/InicioErrado3.jpg]]

14-01-2025T14:45:48 - [TEST_STEP][PASSED] - Thread.sleep(4000): null

14-01-2025T14:45:52 - [TEST_STEP][PASSED] - closeBrowser(): Browser is closed

14-01-2025T14:45:53 - [MESSAGE][PASSED] - Browser is closed]]></system-out>
         <system-err><![CDATA[]]></system-err>
      </testcase>
      <testcase name="Test Cases/InicioExitosoPass" time="11.856" classname="Test Cases/InicioExitosoPass" status="PASSED">
         <system-out><![CDATA[14-01-2025T14:45:53 - [TEST_CASE][PASSED] - Test Cases/InicioExitosoPass: Test Cases/InicioExitosoPass

14-01-2025T14:45:53 - [TEST_STEP][PASSED] - openBrowser("https://opensource-demo.orangehrmlive.com/web/index.php/auth/login"): Browser is opened with url: 'https://opensource-demo.orangehrmlive.com/web/index.php/auth/login'

14-01-2025T14:45:53 - [MESSAGE][INFO] - Starting 'Chrome' driver

14-01-2025T14:45:53 - [MESSAGE][INFO] - Action delay is set to 0 milliseconds

14-01-2025T14:45:57 - [MESSAGE][PASSED] - Browser is opened with url: 'https://opensource-demo.orangehrmlive.com/web/index.php/auth/login'

14-01-2025T14:45:57 - [TEST_STEP][PASSED] - maximizeWindow(): Current window maximized

14-01-2025T14:45:57 - [MESSAGE][PASSED] - Current window maximized

14-01-2025T14:45:57 - [TEST_STEP][PASSED] - waitForPageLoad(30): Wait for page load successfully

14-01-2025T14:45:57 - [MESSAGE][PASSED] - Wait for page load successfully

14-01-2025T14:45:57 - [TEST_STEP][PASSED] - sendKeys(findTestObject("Object Repository/BtonUsuario"), Usuario): Keys '&/%$nin' sent to object: 'Object Repository/BtonUsuario'

14-01-2025T14:45:58 - [MESSAGE][PASSED] - Keys '&/%$nin' sent to object: 'Object Repository/BtonUsuario'

14-01-2025T14:45:58 - [TEST_STEP][PASSED] - sendKeys(findTestObject("Object Repository/BtonPassword"), Password): Keys 'N2n"n' sent to object: 'Object Repository/BtonPassword'

14-01-2025T14:45:58 - [MESSAGE][PASSED] - Keys 'N2n"n' sent to object: 'Object Repository/BtonPassword'

14-01-2025T14:45:58 - [TEST_STEP][PASSED] - sendKeys(findTestObject("Object Repository/BtonLoggin"), Keys.chord(ENTER)): Keys 'ENTER + ' sent to object: 'Object Repository/BtonLoggin'

14-01-2025T14:46:00 - [MESSAGE][PASSED] - Keys 'ENTER + ' sent to object: 'Object Repository/BtonLoggin'

14-01-2025T14:46:00 - [TEST_STEP][PASSED] - takeScreenshot("D:/Capturas Imagenes Pruebas Aut/ProyectoAutomatizacionPass/" + CapturaPantalla): Taking screenshot successfully

14-01-2025T14:46:00 - [MESSAGE][PASSED] - Taking screenshot successfully
[[ATTACHMENT|C:\\Users\\0365\\Katalon Studio\\ProyectoAutomatizacionPass1\\Reports\\20250114_144452\\GoogleRunable\\20250114_144452\\D:/Capturas Imagenes Pruebas Aut/ProyectoAutomatizacionPass/InicioErrado4.jpg]]

14-01-2025T14:46:00 - [TEST_STEP][PASSED] - Thread.sleep(4000): null

14-01-2025T14:46:04 - [TEST_STEP][PASSED] - closeBrowser(): Browser is closed

14-01-2025T14:46:05 - [MESSAGE][PASSED] - Browser is closed]]></system-out>
         <system-err><![CDATA[]]></system-err>
      </testcase>
      <testcase name="Test Cases/InicioExitosoPass" time="10.438" classname="Test Cases/InicioExitosoPass" status="PASSED">
         <system-out><![CDATA[14-01-2025T14:46:05 - [TEST_CASE][PASSED] - Test Cases/InicioExitosoPass: Test Cases/InicioExitosoPass

14-01-2025T14:46:05 - [TEST_STEP][PASSED] - openBrowser("https://opensource-demo.orangehrmlive.com/web/index.php/auth/login"): Browser is opened with url: 'https://opensource-demo.orangehrmlive.com/web/index.php/auth/login'

14-01-2025T14:46:05 - [MESSAGE][INFO] - Starting 'Chrome' driver

14-01-2025T14:46:05 - [MESSAGE][INFO] - Action delay is set to 0 milliseconds

14-01-2025T14:46:09 - [MESSAGE][PASSED] - Browser is opened with url: 'https://opensource-demo.orangehrmlive.com/web/index.php/auth/login'

14-01-2025T14:46:09 - [TEST_STEP][PASSED] - maximizeWindow(): Current window maximized

14-01-2025T14:46:09 - [MESSAGE][PASSED] - Current window maximized

14-01-2025T14:46:09 - [TEST_STEP][PASSED] - waitForPageLoad(30): Wait for page load successfully

14-01-2025T14:46:09 - [MESSAGE][PASSED] - Wait for page load successfully

14-01-2025T14:46:09 - [TEST_STEP][PASSED] - sendKeys(findTestObject("Object Repository/BtonUsuario"), Usuario): Keys '' sent to object: 'Object Repository/BtonUsuario'

14-01-2025T14:46:10 - [MESSAGE][PASSED] - Keys '' sent to object: 'Object Repository/BtonUsuario'

14-01-2025T14:46:10 - [TEST_STEP][PASSED] - sendKeys(findTestObject("Object Repository/BtonPassword"), Password): Keys '' sent to object: 'Object Repository/BtonPassword'

14-01-2025T14:46:10 - [MESSAGE][PASSED] - Keys '' sent to object: 'Object Repository/BtonPassword'

14-01-2025T14:46:10 - [TEST_STEP][PASSED] - sendKeys(findTestObject("Object Repository/BtonLoggin"), Keys.chord(ENTER)): Keys 'ENTER + ' sent to object: 'Object Repository/BtonLoggin'

14-01-2025T14:46:11 - [MESSAGE][PASSED] - Keys 'ENTER + ' sent to object: 'Object Repository/BtonLoggin'

14-01-2025T14:46:11 - [TEST_STEP][PASSED] - takeScreenshot("D:/Capturas Imagenes Pruebas Aut/ProyectoAutomatizacionPass/" + CapturaPantalla): Taking screenshot successfully

14-01-2025T14:46:11 - [MESSAGE][PASSED] - Taking screenshot successfully
[[ATTACHMENT|C:\\Users\\0365\\Katalon Studio\\ProyectoAutomatizacionPass1\\Reports\\20250114_144452\\GoogleRunable\\20250114_144452\\D:/Capturas Imagenes Pruebas Aut/ProyectoAutomatizacionPass/InicioErradosinData.jpg]]

14-01-2025T14:46:11 - [TEST_STEP][PASSED] - Thread.sleep(4000): null

14-01-2025T14:46:15 - [TEST_STEP][PASSED] - closeBrowser(): Browser is closed

14-01-2025T14:46:16 - [MESSAGE][PASSED] - Browser is closed]]></system-out>
         <system-err><![CDATA[]]></system-err>
      </testcase>
      <system-out><![CDATA[14-01-2025T14:44:59 - [TEST_SUITE][PASSED] - GoogleRunable: Test Cases/InicioExitosoPass]]></system-out>
      <system-err><![CDATA[]]></system-err>
   </testsuite>
</testsuites>
